2024-09-10 11:17:37,155 - INFO - Starting the training script.
2024-09-10 11:17:37,159 - INFO - Processing training instances.
2024-09-10 11:17:37,160 - INFO - Processing model yolo8n.
2024-09-10 11:18:06,892 - INFO - Trained yolo8n.
2024-09-10 11:18:06,893 - INFO - Renamed results directory to model_0.
2024-09-10 11:18:06,893 - INFO - Processing model yolo8s.
freezing model.model.0.conv.weight
freezing model.model.0.bn.weight
freezing model.model.0.bn.bias
freezing model.model.1.conv.weight
freezing model.model.1.bn.weight
freezing model.model.1.bn.bias
freezing model.model.2.cv1.conv.weight
freezing model.model.2.cv1.bn.weight
freezing model.model.2.cv1.bn.bias
freezing model.model.2.cv2.conv.weight
freezing model.model.2.cv2.bn.weight
freezing model.model.2.cv2.bn.bias
freezing model.model.2.m.0.cv1.conv.weight
freezing model.model.2.m.0.cv1.bn.weight
freezing model.model.2.m.0.cv1.bn.bias
freezing model.model.2.m.0.cv2.conv.weight
freezing model.model.2.m.0.cv2.bn.weight
freezing model.model.2.m.0.cv2.bn.bias
freezing model.model.3.conv.weight
freezing model.model.3.bn.weight
freezing model.model.3.bn.bias
freezing model.model.4.cv1.conv.weight
freezing model.model.4.cv1.bn.weight
freezing model.model.4.cv1.bn.bias
freezing model.model.4.cv2.conv.weight
freezing model.model.4.cv2.bn.weight
freezing model.model.4.cv2.bn.bias
freezing model.model.4.m.0.cv1.conv.weight
freezing model.model.4.m.0.cv1.bn.weight
freezing model.model.4.m.0.cv1.bn.bias
freezing model.model.4.m.0.cv2.conv.weight
freezing model.model.4.m.0.cv2.bn.weight
freezing model.model.4.m.0.cv2.bn.bias
freezing model.model.4.m.1.cv1.conv.weight
freezing model.model.4.m.1.cv1.bn.weight
freezing model.model.4.m.1.cv1.bn.bias
freezing model.model.4.m.1.cv2.conv.weight
freezing model.model.4.m.1.cv2.bn.weight
freezing model.model.4.m.1.cv2.bn.bias
freezing model.model.5.conv.weight
freezing model.model.5.bn.weight
freezing model.model.5.bn.bias
freezing model.model.6.cv1.conv.weight
freezing model.model.6.cv1.bn.weight
freezing model.model.6.cv1.bn.bias
freezing model.model.6.cv2.conv.weight
freezing model.model.6.cv2.bn.weight
freezing model.model.6.cv2.bn.bias
freezing model.model.6.m.0.cv1.conv.weight
freezing model.model.6.m.0.cv1.bn.weight
freezing model.model.6.m.0.cv1.bn.bias
freezing model.model.6.m.0.cv2.conv.weight
freezing model.model.6.m.0.cv2.bn.weight
freezing model.model.6.m.0.cv2.bn.bias
freezing model.model.6.m.1.cv1.conv.weight
freezing model.model.6.m.1.cv1.bn.weight
freezing model.model.6.m.1.cv1.bn.bias
freezing model.model.6.m.1.cv2.conv.weight
freezing model.model.6.m.1.cv2.bn.weight
freezing model.model.6.m.1.cv2.bn.bias
freezing model.model.7.conv.weight
freezing model.model.7.bn.weight
freezing model.model.7.bn.bias
freezing model.model.8.cv1.conv.weight
freezing model.model.8.cv1.bn.weight
freezing model.model.8.cv1.bn.bias
freezing model.model.8.cv2.conv.weight
freezing model.model.8.cv2.bn.weight
freezing model.model.8.cv2.bn.bias
freezing model.model.8.m.0.cv1.conv.weight
freezing model.model.8.m.0.cv1.bn.weight
freezing model.model.8.m.0.cv1.bn.bias
freezing model.model.8.m.0.cv2.conv.weight
freezing model.model.8.m.0.cv2.bn.weight
freezing model.model.8.m.0.cv2.bn.bias
freezing model.model.9.cv1.conv.weight
freezing model.model.9.cv1.bn.weight
freezing model.model.9.cv1.bn.bias
freezing model.model.9.cv2.conv.weight
freezing model.model.9.cv2.bn.weight
freezing model.model.9.cv2.bn.bias
2024-09-10 11:20:18,203 - INFO - Trained yolo8s.
2024-09-10 11:20:18,203 - INFO - Renamed results directory to model_1.
2024-09-10 11:20:18,204 - INFO - Processing model yolo5s.
[34m[1mgithub: [0mskipping check (offline), for updates see https://github.com/ultralytics/yolov5
2024-09-10 11:22:24,401 - INFO - Trained yolo5s.
2024-09-10 11:22:24,403 - INFO - Renamed results directory to model_2.
2024-09-10 11:22:24,403 - INFO - Processing model yolo5m.
[34m[1mgithub: [0mskipping check (offline), for updates see https://github.com/ultralytics/yolov5
2024-09-10 11:23:16,833 - INFO - Trained yolo5m.
2024-09-10 11:23:16,834 - INFO - Renamed results directory to model_3.
2024-09-10 11:23:16,841 - INFO - Saved updated training CSV to ObjectDetection/Training/Results/results0/train.csv.
